#
# A fatal error has been detected by the Java Runtime Environment:
#
#  EXCEPTION_ACCESS_VIOLATION (0xc0000005) at pc=0x00007ffa38c8d59f, pid=2624, tid=0x000000000000277c
#
# JRE version: Java(TM) SE Runtime Environment (8.0_221-b11) (build 1.8.0_221-b11)
# Java VM: Java HotSpot(TM) 64-Bit Server VM (25.221-b11 mixed mode windows-amd64 compressed oops)
# Problematic frame:
# C  [libcef.dll+0x13fd59f]
#
# Failed to write core dump. Minidumps are not enabled by default on client versions of Windows
#
# If you would like to submit a bug report, please visit:
#   http://bugreport.java.com/bugreport/crash.jsp
# The crash happened outside the Java Virtual Machine in native code.
# See problematic frame for where to report the bug.
#

---------------  T H R E A D  ---------------

Current thread (0x0000000028de1800):  JavaThread "AWT-EventQueue-0" [_thread_in_native, id=10108, stack(0x000000002bd60000,0x000000002be60000)]

siginfo: ExceptionCode=0xc0000005, reading address 0x0000000000000000

Registers:
RAX=0x00007ffa3a80b168, RBX=0x00000000413f0990, RCX=0x0000000000000000, RDX=0x0000000000000201
RSP=0x000000002be5d8a8, RBP=0x000000002be5d998, RSI=0x00000000000003ed, RDI=0x0000000000000000
R8 =0x00000000413f0990, R9 =0x0000000000000000, R10=0x000000004112fd60, R11=0x0000000000000000
R12=0x0000000000000000, R13=0x000000002b4332d8, R14=0x000000002be5d9c0, R15=0x0000000028de1800
RIP=0x00007ffa38c8d59f, EFLAGS=0x0000000000010202

Top of Stack: (sp=0x000000002be5d8a8)
0x000000002be5d8a8:   00007ffa38c47472 000000002be5d938
0x000000002be5d8b8:   00000000000003ed 00000000413f0990
0x000000002be5d8c8:   0000000000000000 0000000000000000
0x000000002be5d8d8:   00007ffa732e5dd4 0000000000000000
0x000000002be5d8e8:   0000000041440e40 00000000000003ed
0x000000002be5d8f8:   000000002be5d970 000000000310835d
0x000000002be5d908:   0000000000000000 0000000000000015
0x000000002be5d918:   0000000003118c67 00000000000003ed
0x000000002be5d928:   000000002b4332d8 000000002be5d930
0x000000002be5d938:   0000000041130980 00000007181182b0
0x000000002be5d948:   000000002be5d948 000000003126d418
0x000000002be5d958:   000000002be5d958 0000000000000000
0x000000002be5d968:   000000002be5d9c0 000000002b4340c0
0x000000002be5d978:   0000000000000000 000000002b4332d8
0x000000002be5d988:   0000000000000000 000000002be5d9b8
0x000000002be5d998:   000000002be5da08 000000000310835d 

Instructions: (pc=0x00007ffa38c8d59f)
0x00007ffa38c8d57f:   48 8b 01 ff 90 88 00 00 00 eb 03 48 89 02 48 8b
0x00007ffa38c8d58f:   c3 48 83 c4 20 5b c3 cc cc 48 8b 89 c0 01 00 00
0x00007ffa38c8d59f:   48 8b 01 48 ff 60 38 cc cc 40 53 48 83 ec 20 83
0x00007ffa38c8d5af:   64 24 38 00 48 8b d9 33 c9 e8 67 73 c1 00 84 c0 


Register to memory mapping:

RAX=0x00007ffa3a80b168 is an unknown value
RBX=0x00000000413f0990 is an unknown value
RCX=0x0000000000000000 is an unknown value
RDX=0x0000000000000201 is an unknown value
RSP=0x000000002be5d8a8 is pointing into the stack for thread: 0x0000000028de1800
RBP=0x000000002be5d998 is pointing into the stack for thread: 0x0000000028de1800
RSI=0x00000000000003ed is an unknown value
RDI=0x0000000000000000 is an unknown value
R8 =0x00000000413f0990 is an unknown value
R9 =0x0000000000000000 is an unknown value
R10=0x000000004112fd60 is an unknown value
R11=0x0000000000000000 is an unknown value
R12=0x0000000000000000 is an unknown value
R13={method} {0x000000002b4332e0} 'N_SetFocus' '(Z)V' in 'org/cef/browser/CefBrowser_N'
R14=0x000000002be5d9c0 is pointing into the stack for thread: 0x0000000028de1800
R15=0x0000000028de1800 is a thread


Stack: [0x000000002bd60000,0x000000002be60000],  sp=0x000000002be5d8a8,  free space=1014k
Native frames: (J=compiled Java code, j=interpreted, Vv=VM code, C=native code)
C  [libcef.dll+0x13fd59f]

Java frames: (J=compiled Java code, j=interpreted, Vv=VM code)
j  org.cef.browser.CefBrowser_N.N_SetFocus(Z)V+0
j  org.cef.browser.CefBrowser_N.setFocus(Z)V+2
j  org.cef.browser.CefBrowserOsr$7.focusLost(Ljava/awt/event/FocusEvent;)V+5
j  java.awt.Component.processFocusEvent(Ljava/awt/event/FocusEvent;)V+52
j  java.awt.Component.processEvent(Ljava/awt/AWTEvent;)V+12
j  java.awt.Component.dispatchEventImpl(Ljava/awt/AWTEvent;)V+589
j  java.awt.Component.dispatchEvent(Ljava/awt/AWTEvent;)V+2
j  java.awt.KeyboardFocusManager.redispatchEvent(Ljava/awt/Component;Ljava/awt/AWTEvent;)V+7
j  java.awt.DefaultKeyboardFocusManager.typeAheadAssertions(Ljava/awt/Component;Ljava/awt/AWTEvent;)Z+347
j  java.awt.DefaultKeyboardFocusManager.dispatchEvent(Ljava/awt/AWTEvent;)Z+1284
j  java.awt.Component.dispatchEventImpl(Ljava/awt/AWTEvent;)V+151
j  java.awt.Component.dispatchEvent(Ljava/awt/AWTEvent;)V+2
j  sun.awt.SunToolkit$1.run()V+26
J 3779 C1 java.awt.event.InvocationEvent.dispatch()V (69 bytes) @ 0x0000000003424514 [0x0000000003424300+0x214]
J 3769 C1 java.awt.EventQueue.dispatchEventImpl(Ljava/awt/AWTEvent;Ljava/lang/Object;)V (149 bytes) @ 0x00000000032ea2cc [0x00000000032e7fa0+0x232c]
J 3767 C1 java.awt.EventQueue$3.run()Ljava/lang/Void; (60 bytes) @ 0x0000000003519c5c [0x0000000003519a40+0x21c]
J 3766 C1 java.awt.EventQueue$3.run()Ljava/lang/Object; (5 bytes) @ 0x000000000351a34c [0x000000000351a2c0+0x8c]
v  ~StubRoutines::call_stub
J 1046  java.security.AccessController.doPrivileged(Ljava/security/PrivilegedAction;Ljava/security/AccessControlContext;)Ljava/lang/Object; (0 bytes) @ 0x00000000034d03a6 [0x00000000034d0340+0x66]
J 3670 C1 java.awt.EventQueue.dispatchEvent(Ljava/awt/AWTEvent;)V (80 bytes) @ 0x00000000034c73ac [0x00000000034c6a00+0x9ac]
J 3678 C1 java.awt.EventDispatchThread.pumpOneEventForFilters(I)V (190 bytes) @ 0x000000000332f29c [0x000000000332e140+0x115c]
j  java.awt.EventDispatchThread.pumpEventsForFilter(ILjava/awt/Conditional;Ljava/awt/EventFilter;)V+35
j  java.awt.EventDispatchThread.pumpEventsForHierarchy(ILjava/awt/Conditional;Ljava/awt/Component;)V+11
j  java.awt.EventDispatchThread.pumpEvents(ILjava/awt/Conditional;)V+4
j  java.awt.EventDispatchThread.pumpEvents(Ljava/awt/Conditional;)V+3
j  java.awt.EventDispatchThread.run()V+9
v  ~StubRoutines::call_stub

---------------  P R O C E S S  ---------------

Java Threads: ( => current thread )
  0x000000002d9cb800 JavaThread "dw-59" [_thread_blocked, id=9060, stack(0x00000000435e0000,0x00000000436e0000)]
  0x000000002d9c8800 JavaThread "dw-58" [_thread_in_native, id=15472, stack(0x00000000434e0000,0x00000000435e0000)]
  0x000000002d9c9000 JavaThread "dw-57" [_thread_blocked, id=19184, stack(0x00000000433e0000,0x00000000434e0000)]
  0x000000002d9ca800 JavaThread "dw-56" [_thread_in_native, id=8328, stack(0x00000000432e0000,0x00000000433e0000)]
  0x000000002d9c7800 JavaThread "Scheduler-1556730832" [_thread_blocked, id=14412, stack(0x00000000431e0000,0x00000000432e0000)]
  0x000000002d9c0000 JavaThread "Thread-33" daemon [_thread_in_native, id=12148, stack(0x0000000037650000,0x0000000037750000)]
  0x000000002d9c6000 JavaThread "Thread-31" daemon [_thread_in_native, id=996, stack(0x0000000036b50000,0x0000000036c50000)]
  0x000000002d9c5800 JavaThread "AWT-EventQueue-0-SharedResourceRunner" daemon [_thread_blocked, id=7368, stack(0x0000000037d50000,0x0000000037e50000)]
  0x000000002d9c7000 JavaThread "JCEF-MessageQueue" daemon [_thread_blocked, id=7804, stack(0x0000000037b50000,0x0000000037c50000)]
  0x000000002d9be800 JavaThread "DestroyJavaVM" [_thread_blocked, id=15936, stack(0x0000000002d10000,0x0000000002e10000)]
  0x000000002d9c4800 JavaThread "dw-admin-39" [_thread_blocked, id=15184, stack(0x0000000034520000,0x0000000034620000)]
  0x000000002d9bf000 JavaThread "dw-admin-38-acceptor-0@5c3d4f05-admin@63cd2cd2{HTTP/1.1,[http/1.1]}{0.0.0.0:8081}" [_thread_in_native, id=3800, stack(0x0000000034420000,0x0000000034520000)]
  0x000000002d9c4000 JavaThread "dw-admin-37" [_thread_in_native, id=11192, stack(0x0000000034320000,0x0000000034420000)]
  0x000000002d9bd800 JavaThread "dw-admin-36" [_thread_in_native, id=16764, stack(0x0000000034220000,0x0000000034320000)]
  0x000000002d9c0800 JavaThread "dw-admin-35" [_thread_in_native, id=8404, stack(0x0000000034120000,0x0000000034220000)]
  0x000000002d9c2800 JavaThread "dw-admin-34" [_thread_in_native, id=11456, stack(0x0000000032080000,0x0000000032180000)]
  0x000000002d9c1800 JavaThread "Thread-6" [_thread_in_native, id=14316, stack(0x000000002ffd0000,0x00000000300d0000)]
  0x000000002d9c3000 JavaThread "dw-32" [_thread_blocked, id=17772, stack(0x000000002ef00000,0x000000002f000000)]
  0x000000002d9bd000 JavaThread "dw-31" [_thread_in_native, id=11692, stack(0x000000002ee00000,0x000000002ef00000)]
  0x0000000028b1a000 JavaThread "dw-30" [_thread_in_native, id=16260, stack(0x000000002ed00000,0x000000002ee00000)]
  0x0000000028b19800 JavaThread "dw-29-acceptor-0@3d104c9b-application@642413d4{HTTP/1.1,[http/1.1]}{0.0.0.0:80}" [_thread_in_native, id=12576, stack(0x000000002ec00000,0x000000002ed00000)]
  0x0000000028b20000 JavaThread "dw-28" [_thread_blocked, id=8740, stack(0x000000002eb00000,0x000000002ec00000)]
  0x0000000028b1f800 JavaThread "dw-27" [_thread_blocked, id=2732, stack(0x000000002ea00000,0x000000002eb00000)]
  0x0000000028b1e800 JavaThread "dw-26" [_thread_blocked, id=10908, stack(0x000000002e900000,0x000000002ea00000)]
  0x0000000028b1e000 JavaThread "dw-25" [_thread_blocked, id=15728, stack(0x000000002e800000,0x000000002e900000)]
  0x0000000028b1d000 JavaThread "AsyncAppender-Worker-async-console-appender" daemon [_thread_blocked, id=13364, stack(0x000000002e700000,0x000000002e800000)]
  0x0000000028b1c800 JavaThread "AsyncAppender-Worker-async-file-appender" daemon [_thread_blocked, id=11964, stack(0x000000002e600000,0x000000002e700000)]
  0x0000000028b1b800 JavaThread "AsyncAppender-Worker-async-console-appender" daemon [_thread_blocked, id=18272, stack(0x000000002e500000,0x000000002e600000)]
=>0x0000000028de1800 JavaThread "AWT-EventQueue-0" [_thread_in_native, id=10108, stack(0x000000002bd60000,0x000000002be60000)]
  0x0000000028d54000 JavaThread "AWT-Windows" daemon [_thread_in_native, id=10216, stack(0x00000000299a0000,0x0000000029aa0000)]
  0x0000000028d53000 JavaThread "AWT-Shutdown" [_thread_blocked, id=9776, stack(0x00000000298a0000,0x00000000299a0000)]
  0x0000000028d52800 JavaThread "Java2D Disposer" daemon [_thread_blocked, id=14148, stack(0x00000000297a0000,0x00000000298a0000)]
  0x00000000289a4000 JavaThread "Service Thread" daemon [_thread_blocked, id=10308, stack(0x0000000029430000,0x0000000029530000)]
  0x000000002890c800 JavaThread "C1 CompilerThread3" daemon [_thread_blocked, id=8416, stack(0x0000000029330000,0x0000000029430000)]
  0x0000000028902800 JavaThread "C2 CompilerThread2" daemon [_thread_in_native, id=11780, stack(0x0000000029230000,0x0000000029330000)]
  0x00000000288fe000 JavaThread "C2 CompilerThread1" daemon [_thread_in_native, id=6752, stack(0x0000000029130000,0x0000000029230000)]
  0x00000000288f9000 JavaThread "C2 CompilerThread0" daemon [_thread_blocked, id=3028, stack(0x0000000029030000,0x0000000029130000)]
  0x00000000288f7800 JavaThread "Monitor Ctrl-Break" daemon [_thread_in_native, id=10988, stack(0x0000000028f30000,0x0000000029030000)]
  0x0000000027e43800 JavaThread "Attach Listener" daemon [_thread_blocked, id=17820, stack(0x0000000028630000,0x0000000028730000)]
  0x0000000027e42800 JavaThread "Signal Dispatcher" daemon [_thread_blocked, id=15560, stack(0x0000000028530000,0x0000000028630000)]
  0x0000000027e21000 JavaThread "Finalizer" daemon [_thread_blocked, id=15108, stack(0x0000000028300000,0x0000000028400000)]
  0x0000000027e20800 JavaThread "Reference Handler" daemon [_thread_blocked, id=14796, stack(0x0000000028200000,0x0000000028300000)]

Other Threads:
  0x0000000026005800 VMThread [stack: 0x0000000027d00000,0x0000000027e00000] [id=9072]
  0x0000000028a3f000 WatcherThread [stack: 0x0000000029530000,0x0000000029630000] [id=9508]

VM state:not at safepoint (normal execution)

VM Mutex/Monitor currently owned by a thread: None

heap address: 0x00000005c2400000, size: 8156 MB, Compressed Oops mode: Zero based, Oop shift amount: 3
Narrow klass base: 0x0000000000000000, Narrow klass shift: 3
Compressed class space size: 1073741824 Address: 0x00000007c0000000

Heap:
 PSYoungGen      total 190976K, used 80421K [0x0000000716180000, 0x0000000723b00000, 0x00000007c0000000)
  eden space 169472K, 34% used [0x0000000716180000,0x0000000719b0e868,0x0000000720700000)
  from space 21504K, 99% used [0x0000000722600000,0x0000000723afac78,0x0000000723b00000)
  to   space 21504K, 0% used [0x0000000721100000,0x0000000721100000,0x0000000722600000)
 ParOldGen       total 380416K, used 13899K [0x00000005c2400000, 0x00000005d9780000, 0x0000000716180000)
  object space 380416K, 3% used [0x00000005c2400000,0x00000005c3192df8,0x00000005d9780000)
 Metaspace       used 47167K, capacity 47858K, committed 48128K, reserved 1091584K
  class space    used 5959K, capacity 6129K, committed 6144K, reserved 1048576K

Card table byte_map: [0x00000000124c0000,0x00000000134b0000] byte_map_base: 0x000000000f6ae000

Marking Bits: (ParMarkBitMap*) 0x0000000071d75ce0
 Begin Bits: [0x0000000014750000, 0x000000001c6c0000)
 End Bits:   [0x000000001c6c0000, 0x0000000024630000)

Polling page: 0x00000000011f0000

CodeCache: size=245760Kb used=10814Kb max_used=11029Kb free=234945Kb
 bounds [0x0000000003100000, 0x0000000003c00000, 0x0000000012100000]
 total_blobs=4446 nmethods=3470 adapters=888
 compilation: enabled

Compilation events (10 events):
Event: 15.712 Thread 0x000000002890c800 nmethod 3906 0x0000000003b15390 code [0x0000000003b15560, 0x0000000003b15b98]
Event: 15.712 Thread 0x000000002890c800 3907       3       java.awt.Toolkit::notifyAWTEventListeners (36 bytes)
Event: 15.712 Thread 0x000000002890c800 nmethod 3907 0x00000000038de290 code [0x00000000038de440, 0x00000000038dea28]
Event: 16.159 Thread 0x000000002890c800 3908       3       java.util.IdentityHashMap::nextKeyIndex (15 bytes)
Event: 16.160 Thread 0x000000002890c800 nmethod 3908 0x0000000003b15050 code [0x0000000003b151a0, 0x0000000003b15330]
Event: 16.167 Thread 0x000000002890c800 3909       3       sun.util.locale.LocaleUtils::isAlpha (30 bytes)
Event: 16.167 Thread 0x00000000288f9000 3910       4       java.util.Formatter$FormatSpecifier::getZero (36 bytes)
Event: 16.167 Thread 0x000000002890c800 nmethod 3909 0x0000000003b14c50 code [0x0000000003b14da0, 0x0000000003b14fd0]
Event: 16.168 Thread 0x000000002890c800 3911       1       org.eclipse.jetty.util.thread.QueuedThreadPool::getMinThreads (5 bytes)
Event: 16.168 Thread 0x000000002890c800 nmethod 3911 0x0000000003b14990 code [0x0000000003b14ae0, 0x0000000003b14bf0]

GC Heap History (10 events):
Event: 1.386 GC heap before
{Heap before GC invocations=2 (full 1):
 PSYoungGen      total 152576K, used 12449K [0x0000000716180000, 0x0000000720b80000, 0x00000007c0000000)
  eden space 131072K, 0% used [0x0000000716180000,0x0000000716180000,0x000000071e180000)
  from space 21504K, 57% used [0x000000071e180000,0x000000071eda8778,0x000000071f680000)
  to   space 21504K, 0% used [0x000000071f680000,0x000000071f680000,0x0000000720b80000)
 ParOldGen       total 348160K, used 16K [0x00000005c2400000, 0x00000005d7800000, 0x0000000716180000)
  object space 348160K, 0% used [0x00000005c2400000,0x00000005c2404000,0x00000005d7800000)
 Metaspace       used 20819K, capacity 21078K, committed 21296K, reserved 1069056K
  class space    used 2578K, capacity 2663K, committed 2688K, reserved 1048576K
Event: 1.415 GC heap after
Heap after GC invocations=2 (full 1):
 PSYoungGen      total 152576K, used 0K [0x0000000716180000, 0x0000000720b80000, 0x00000007c0000000)
  eden space 131072K, 0% used [0x0000000716180000,0x0000000716180000,0x000000071e180000)
  from space 21504K, 0% used [0x000000071e180000,0x000000071e180000,0x000000071f680000)
  to   space 21504K, 0% used [0x000000071f680000,0x000000071f680000,0x0000000720b80000)
 ParOldGen       total 233984K, used 11930K [0x00000005c2400000, 0x00000005d0880000, 0x0000000716180000)
  object space 233984K, 5% used [0x00000005c2400000,0x00000005c2fa6ab8,0x00000005d0880000)
 Metaspace       used 20819K, capacity 21078K, committed 21296K, reserved 1069056K
  class space    used 2578K, capacity 2663K, committed 2688K, reserved 1048576K
}
Event: 2.669 GC heap before
{Heap before GC invocations=3 (full 1):
 PSYoungGen      total 152576K, used 131072K [0x0000000716180000, 0x0000000720b80000, 0x00000007c0000000)
  eden space 131072K, 100% used [0x0000000716180000,0x000000071e180000,0x000000071e180000)
  from space 21504K, 0% used [0x000000071e180000,0x000000071e180000,0x000000071f680000)
  to   space 21504K, 0% used [0x000000071f680000,0x000000071f680000,0x0000000720b80000)
 ParOldGen       total 233984K, used 11930K [0x00000005c2400000, 0x00000005d0880000, 0x0000000716180000)
  object space 233984K, 5% used [0x00000005c2400000,0x00000005c2fa6ab8,0x00000005d0880000)
 Metaspace       used 32658K, capacity 33260K, committed 33536K, reserved 1079296K
  class space    used 4188K, capacity 4316K, committed 4352K, reserved 1048576K
Event: 2.678 GC heap after
Heap after GC invocations=3 (full 1):
 PSYoungGen      total 152576K, used 13336K [0x0000000716180000, 0x0000000723000000, 0x00000007c0000000)
  eden space 131072K, 0% used [0x0000000716180000,0x0000000716180000,0x000000071e180000)
  from space 21504K, 62% used [0x000000071f680000,0x0000000720386320,0x0000000720b80000)
  to   space 21504K, 0% used [0x000000071e180000,0x000000071e180000,0x000000071f680000)
 ParOldGen       total 233984K, used 11938K [0x00000005c2400000, 0x00000005d0880000, 0x0000000716180000)
  object space 233984K, 5% used [0x00000005c2400000,0x00000005c2fa8ab8,0x00000005d0880000)
 Metaspace       used 32658K, capacity 33260K, committed 33536K, reserved 1079296K
  class space    used 4188K, capacity 4316K, committed 4352K, reserved 1048576K
}
Event: 2.904 GC heap before
{Heap before GC invocations=4 (full 1):
 PSYoungGen      total 152576K, used 46141K [0x0000000716180000, 0x0000000723000000, 0x00000007c0000000)
  eden space 131072K, 25% used [0x0000000716180000,0x0000000718189178,0x000000071e180000)
  from space 21504K, 62% used [0x000000071f680000,0x0000000720386320,0x0000000720b80000)
  to   space 21504K, 0% used [0x000000071e180000,0x000000071e180000,0x000000071f680000)
 ParOldGen       total 233984K, used 11938K [0x00000005c2400000, 0x00000005d0880000, 0x0000000716180000)
  object space 233984K, 5% used [0x00000005c2400000,0x00000005c2fa8ab8,0x00000005d0880000)
 Metaspace       used 34707K, capacity 35250K, committed 35456K, reserved 1079296K
  class space    used 4506K, capacity 4637K, committed 4736K, reserved 1048576K
Event: 2.908 GC heap after
Heap after GC invocations=4 (full 1):
 PSYoungGen      total 152576K, used 8564K [0x0000000716180000, 0x0000000723b00000, 0x00000007c0000000)
  eden space 131072K, 0% used [0x0000000716180000,0x0000000716180000,0x000000071e180000)
  from space 21504K, 39% used [0x000000071e180000,0x000000071e9dd288,0x000000071f680000)
  to   space 21504K, 0% used [0x0000000722600000,0x0000000722600000,0x0000000723b00000)
 ParOldGen       total 233984K, used 11946K [0x00000005c2400000, 0x00000005d0880000, 0x0000000716180000)
  object space 233984K, 5% used [0x00000005c2400000,0x00000005c2faaab8,0x00000005d0880000)
 Metaspace       used 34707K, capacity 35250K, committed 35456K, reserved 1079296K
  class space    used 4506K, capacity 4637K, committed 4736K, reserved 1048576K
}
Event: 2.909 GC heap before
{Heap before GC invocations=5 (full 2):
 PSYoungGen      total 152576K, used 8564K [0x0000000716180000, 0x0000000723b00000, 0x00000007c0000000)
  eden space 131072K, 0% used [0x0000000716180000,0x0000000716180000,0x000000071e180000)
  from space 21504K, 39% used [0x000000071e180000,0x000000071e9dd288,0x000000071f680000)
  to   space 21504K, 0% used [0x0000000722600000,0x0000000722600000,0x0000000723b00000)
 ParOldGen       total 233984K, used 11946K [0x00000005c2400000, 0x00000005d0880000, 0x0000000716180000)
  object space 233984K, 5% used [0x00000005c2400000,0x00000005c2faaab8,0x00000005d0880000)
 Metaspace       used 34707K, capacity 35250K, committed 35456K, reserved 1079296K
  class space    used 4506K, capacity 4637K, committed 4736K, reserved 1048576K
Event: 2.946 GC heap after
Heap after GC invocations=5 (full 2):
 PSYoungGen      total 152576K, used 0K [0x0000000716180000, 0x0000000723b00000, 0x00000007c0000000)
  eden space 131072K, 0% used [0x0000000716180000,0x0000000716180000,0x000000071e180000)
  from space 21504K, 0% used [0x000000071e180000,0x000000071e180000,0x000000071f680000)
  to   space 21504K, 0% used [0x0000000722600000,0x0000000722600000,0x0000000723b00000)
 ParOldGen       total 380416K, used 13421K [0x00000005c2400000, 0x00000005d9780000, 0x0000000716180000)
  object space 380416K, 3% used [0x00000005c2400000,0x00000005c311b560,0x00000005d9780000)
 Metaspace       used 34707K, capacity 35250K, committed 35456K, reserved 1079296K
  class space    used 4506K, capacity 4637K, committed 4736K, reserved 1048576K
}
Event: 11.398 GC heap before
{Heap before GC invocations=6 (full 2):
 PSYoungGen      total 152576K, used 131072K [0x0000000716180000, 0x0000000723b00000, 0x00000007c0000000)
  eden space 131072K, 100% used [0x0000000716180000,0x000000071e180000,0x000000071e180000)
  from space 21504K, 0% used [0x000000071e180000,0x000000071e180000,0x000000071f680000)
  to   space 21504K, 0% used [0x0000000722600000,0x0000000722600000,0x0000000723b00000)
 ParOldGen       total 380416K, used 13421K [0x00000005c2400000, 0x00000005d9780000, 0x0000000716180000)
  object space 380416K, 3% used [0x00000005c2400000,0x00000005c311b560,0x00000005d9780000)
 Metaspace       used 44980K, capacity 45711K, committed 46080K, reserved 1089536K
  class space    used 5629K, capacity 5825K, committed 5888K, reserved 1048576K
Event: 11.407 GC heap after
Heap after GC invocations=6 (full 2):
 PSYoungGen      total 190976K, used 21483K [0x0000000716180000, 0x0000000723b00000, 0x00000007c0000000)
  eden space 169472K, 0% used [0x0000000716180000,0x0000000716180000,0x0000000720700000)
  from space 21504K, 99% used [0x0000000722600000,0x0000000723afac78,0x0000000723b00000)
  to   space 21504K, 0% used [0x0000000721100000,0x0000000721100000,0x0000000722600000)
 ParOldGen       total 380416K, used 13899K [0x00000005c2400000, 0x00000005d9780000, 0x0000000716180000)
  object space 380416K, 3% used [0x00000005c2400000,0x00000005c3192df8,0x00000005d9780000)
 Metaspace       used 44980K, capacity 45711K, committed 46080K, reserved 1089536K
  class space    used 5629K, capacity 5825K, committed 5888K, reserved 1048576K
}

Deoptimization events (10 events):
Event: 11.529 Thread 0x0000000028b1f800 Uncommon trap: reason=unstable_if action=reinterpret pc=0x00000000036c4810 method=java.util.HashMap$HashIterator.<init>(Ljava/util/HashMap;)V @ 45
Event: 11.532 Thread 0x0000000028b1a000 Uncommon trap: reason=unstable_if action=reinterpret pc=0x0000000003a6fbb4 method=java.util.regex.Pattern$GroupTail.match(Ljava/util/regex/Matcher;ILjava/lang/CharSequence;)Z @ 73
Event: 11.532 Thread 0x0000000028b1a000 Uncommon trap: reason=unstable_if action=reinterpret pc=0x0000000003b50730 method=java.util.regex.Pattern$Branch.match(Ljava/util/regex/Matcher;ILjava/lang/CharSequence;)Z @ 35
Event: 11.545 Thread 0x0000000028b1e800 Uncommon trap: reason=unstable_if action=reinterpret pc=0x0000000003680be4 method=java.util.HashMap$HashIterator.<init>(Ljava/util/HashMap;)V @ 45
Event: 11.549 Thread 0x0000000028b1e000 Uncommon trap: reason=unstable_if action=reinterpret pc=0x00000000039a0ac0 method=java.util.concurrent.locks.ReentrantReadWriteLock$Sync.tryAcquireShared(I)I @ 81
Event: 11.549 Thread 0x0000000028b1e000 Uncommon trap: reason=unstable_if action=reinterpret pc=0x00000000039bb968 method=java.util.concurrent.locks.ReentrantReadWriteLock$Sync.tryReleaseShared(I)Z @ 9
Event: 14.842 Thread 0x000000002d9c8800 Uncommon trap: reason=class_check action=maybe_recompile pc=0x0000000003a15428 method=java.util.Formatter$FormatSpecifier.printBoolean(Ljava/lang/Object;)V @ 5
Event: 14.842 Thread 0x000000002d9c8800 Uncommon trap: reason=class_check action=maybe_recompile pc=0x0000000003a15428 method=java.util.Formatter$FormatSpecifier.printBoolean(Ljava/lang/Object;)V @ 5
Event: 14.843 Thread 0x000000002d9c8800 Uncommon trap: reason=class_check action=maybe_recompile pc=0x0000000003a15428 method=java.util.Formatter$FormatSpecifier.printBoolean(Ljava/lang/Object;)V @ 5
Event: 14.843 Thread 0x000000002d9c8800 Uncommon trap: reason=class_check action=maybe_recompile pc=0x0000000003a15428 method=java.util.Formatter$FormatSpecifier.printBoolean(Ljava/lang/Object;)V @ 5

Classes redefined (0 events):
No events

Internal exceptions (10 events):
Event: 11.484 Thread 0x000000002d9c3000 Exception <a 'java/lang/ClassNotFoundException': java/lang/EnumBeanInfo> (0x0000000716d17d38) thrown at [C:\re\workspace\8-2-build-windows-amd64-cygwin\jdk8u221\13320\hotspot\src\share\vm\classfile\systemDictionary.cpp, line 210]
Event: 11.484 Thread 0x000000002d9c3000 Exception <a 'java/lang/ClassNotFoundException': java/lang/EnumCustomizer> (0x0000000716d21f40) thrown at [C:\re\workspace\8-2-build-windows-amd64-cygwin\jdk8u221\13320\hotspot\src\share\vm\classfile\systemDictionary.cpp, line 210]
Event: 11.485 Thread 0x000000002d9c3000 Exception <a 'java/lang/ClassNotFoundException': com/tim/usong/core/entity/Song$TypeCustomizer> (0x0000000716d45af8) thrown at [C:\re\workspace\8-2-build-windows-amd64-cygwin\jdk8u221\13320\hotspot\src\share\vm\classfile\systemDictionary.cpp, line 210]
Event: 11.504 Thread 0x000000002d9c3000 Exception <a 'java/lang/ClassNotFoundException': java/util/PropertyResourceBundleBeanInfo> (0x000000071701df30) thrown at [C:\re\workspace\8-2-build-windows-amd64-cygwin\jdk8u221\13320\hotspot\src\share\vm\classfile\systemDictionary.cpp, line 210]
Event: 11.505 Thread 0x000000002d9c3000 Exception <a 'java/lang/ClassNotFoundException': java/util/ResourceBundleBeanInfo> (0x0000000717029ae0) thrown at [C:\re\workspace\8-2-build-windows-amd64-cygwin\jdk8u221\13320\hotspot\src\share\vm\classfile\systemDictionary.cpp, line 210]
Event: 11.505 Thread 0x000000002d9c3000 Exception <a 'java/lang/ClassNotFoundException': java/util/ResourceBundleCustomizer> (0x00000007170356b0) thrown at [C:\re\workspace\8-2-build-windows-amd64-cygwin\jdk8u221\13320\hotspot\src\share\vm\classfile\systemDictionary.cpp, line 210]
Event: 11.505 Thread 0x000000002d9c3000 Exception <a 'java/lang/ClassNotFoundException': java/util/PropertyResourceBundleCustomizer> (0x000000071704ebb8) thrown at [C:\re\workspace\8-2-build-windows-amd64-cygwin\jdk8u221\13320\hotspot\src\share\vm\classfile\systemDictionary.cpp, line 210]
Event: 13.670 Thread 0x0000000028de1800 Exception <a 'java/lang/reflect/InvocationTargetException'> (0x00000007180d24d0) thrown at [C:\re\workspace\8-2-build-windows-amd64-cygwin\jdk8u221\13320\hotspot\src\share\vm\runtime\reflection.cpp, line 1092]
Event: 14.790 Thread 0x000000002d9bd000 Exception <a 'java/lang/ClassNotFoundException': com/tim/usong/view/TutorialViewBeanInfo> (0x0000000718e53cf8) thrown at [C:\re\workspace\8-2-build-windows-amd64-cygwin\jdk8u221\13320\hotspot\src\share\vm\classfile\systemDictionary.cpp, line 210]
Event: 14.791 Thread 0x000000002d9bd000 Exception <a 'java/lang/ClassNotFoundException': com/tim/usong/view/TutorialViewCustomizer> (0x0000000718e6d470) thrown at [C:\re\workspace\8-2-build-windows-amd64-cygwin\jdk8u221\13320\hotspot\src\share\vm\classfile\systemDictionary.cpp, line 210]

Events (10 events):
Event: 15.198 loading class org/cef/browser/CefBrowserOsr$9
Event: 15.198 loading class org/cef/browser/CefBrowserOsr$9 done
Event: 15.222 Executing VM operation: RevokeBias
Event: 15.222 Executing VM operation: RevokeBias done
Event: 16.144 loading class com/jogamp/nativewindow/awt/JAWTWindow$JAWTComponentListener$2
Event: 16.144 loading class com/jogamp/nativewindow/awt/JAWTWindow$JAWTComponentListener$2 done
Event: 16.146 loading class sun/awt/SunToolkit$1
Event: 16.146 loading class sun/awt/SunToolkit$1 done
Event: 16.168 loading class org/eclipse/jetty/websocket/common/Parser$1
Event: 16.168 loading class org/eclipse/jetty/websocket/common/Parser$1 done


Dynamic libraries:
0x00007ff63b9a0000 - 0x00007ff63b9d7000 	C:\Program Files\Java\jdk1.8.0_221\bin\java.exe
0x00007ffaa3d10000 - 0x00007ffaa3efd000 	C:\WINDOWS\SYSTEM32\ntdll.dll
0x00007ffaa3380000 - 0x00007ffaa3433000 	C:\WINDOWS\System32\KERNEL32.DLL
0x00007ffaa0620000 - 0x00007ffaa08b3000 	C:\WINDOWS\System32\KERNELBASE.dll
0x00007ffaa2e30000 - 0x00007ffaa2ed3000 	C:\WINDOWS\System32\ADVAPI32.dll
0x00007ffaa3bb0000 - 0x00007ffaa3c4e000 	C:\WINDOWS\System32\msvcrt.dll
0x00007ffaa3010000 - 0x00007ffaa30ae000 	C:\WINDOWS\System32\sechost.dll
0x00007ffaa12b0000 - 0x00007ffaa13d2000 	C:\WINDOWS\System32\RPCRT4.dll
0x00007ffaa3170000 - 0x00007ffaa3307000 	C:\WINDOWS\System32\USER32.dll
0x00007ffaa08c0000 - 0x00007ffaa08e0000 	C:\WINDOWS\System32\win32u.dll
0x00007ffaa3440000 - 0x00007ffaa3469000 	C:\WINDOWS\System32\GDI32.dll
0x00007ffaa0a40000 - 0x00007ffaa0bd9000 	C:\WINDOWS\System32\gdi32full.dll
0x00007ffaa0530000 - 0x00007ffaa05d0000 	C:\WINDOWS\System32\msvcp_win.dll
0x00007ffaa0be0000 - 0x00007ffaa0cda000 	C:\WINDOWS\System32\ucrtbase.dll
0x00007ffa8bd70000 - 0x00007ffa8bfe9000 	C:\WINDOWS\WinSxS\amd64_microsoft.windows.common-controls_6595b64144ccf1df_6.0.17763.678_none_05b74150071d72bf\COMCTL32.dll
0x00007ffaa35b0000 - 0x00007ffaa38dc000 	C:\WINDOWS\System32\combase.dll
0x00007ffaa0ce0000 - 0x00007ffaa0d5e000 	C:\WINDOWS\System32\bcryptPrimitives.dll
0x00007ffaa3cb0000 - 0x00007ffaa3cde000 	C:\WINDOWS\System32\IMM32.DLL
0x0000000071e00000 - 0x0000000071ed2000 	C:\Program Files\Java\jdk1.8.0_221\jre\bin\msvcr100.dll
0x0000000071550000 - 0x0000000071df5000 	C:\Program Files\Java\jdk1.8.0_221\jre\bin\server\jvm.dll
0x00007ffaa35a0000 - 0x00007ffaa35a8000 	C:\WINDOWS\System32\PSAPI.DLL
0x00007ffa92140000 - 0x00007ffa92164000 	C:\WINDOWS\SYSTEM32\WINMM.dll
0x00007ffa8bc60000 - 0x00007ffa8bc69000 	C:\WINDOWS\SYSTEM32\WSOCK32.dll
0x00007ffa95bd0000 - 0x00007ffa95bda000 	C:\WINDOWS\SYSTEM32\VERSION.dll
0x00007ffaa3310000 - 0x00007ffaa337d000 	C:\WINDOWS\System32\WS2_32.dll
0x00007ffa91f00000 - 0x00007ffa91f2d000 	C:\WINDOWS\SYSTEM32\WINMMBASE.dll
0x00007ffaa05d0000 - 0x00007ffaa061a000 	C:\WINDOWS\System32\cfgmgr32.dll
0x00007ffa985f0000 - 0x00007ffa985ff000 	C:\Program Files\Java\jdk1.8.0_221\jre\bin\verify.dll
0x00007ffa95770000 - 0x00007ffa95799000 	C:\Program Files\Java\jdk1.8.0_221\jre\bin\java.dll
0x00007ffa95c10000 - 0x00007ffa95c33000 	C:\Program Files\Java\jdk1.8.0_221\jre\bin\instrument.dll
0x00007ffa95720000 - 0x00007ffa95736000 	C:\Program Files\Java\jdk1.8.0_221\jre\bin\zip.dll
0x00007ffaa1940000 - 0x00007ffaa2e30000 	C:\WINDOWS\System32\SHELL32.dll
0x00007ffaa2ee0000 - 0x00007ffaa2f88000 	C:\WINDOWS\System32\shcore.dll
0x00007ffa9fde0000 - 0x00007ffaa052a000 	C:\WINDOWS\System32\windows.storage.dll
0x00007ffa9fd50000 - 0x00007ffa9fd74000 	C:\WINDOWS\System32\profapi.dll
0x00007ffa9fd80000 - 0x00007ffa9fddd000 	C:\WINDOWS\System32\powrprof.dll
0x00007ffaa0f40000 - 0x00007ffaa0f92000 	C:\WINDOWS\System32\shlwapi.dll
0x00007ffa9fd10000 - 0x00007ffa9fd21000 	C:\WINDOWS\System32\kernel.appcore.dll
0x00007ffaa0940000 - 0x00007ffaa0957000 	C:\WINDOWS\System32\cryptsp.dll
0x00007ffa95740000 - 0x00007ffa9575a000 	C:\Program Files\JetBrains\IntelliJ IDEA 2018.2\bin\breakgen64.dll
0x00007ffa92e50000 - 0x00007ffa92e6a000 	C:\Program Files\Java\jdk1.8.0_221\jre\bin\net.dll
0x00007ffa92650000 - 0x00007ffa92827000 	C:\WINDOWS\SYSTEM32\urlmon.dll
0x00007ffa8e8c0000 - 0x00007ffa8eb68000 	C:\WINDOWS\SYSTEM32\iertutil.dll
0x00007ffa9f750000 - 0x00007ffa9f75c000 	C:\WINDOWS\SYSTEM32\CRYPTBASE.DLL
0x00007ffa9f580000 - 0x00007ffa9f5e7000 	C:\WINDOWS\system32\mswsock.dll
0x00007ffa76fa0000 - 0x00007ffa77139000 	C:\Program Files\Java\jdk1.8.0_221\jre\bin\awt.dll
0x00007ffaa38e0000 - 0x00007ffaa39a4000 	C:\WINDOWS\System32\OLEAUT32.dll
0x00007ffa9dc90000 - 0x00007ffa9dd1c000 	C:\WINDOWS\SYSTEM32\apphelp.dll
0x00007ffa9df50000 - 0x00007ffa9dfec000 	C:\WINDOWS\system32\uxtheme.dll
0x00007ffaa3a10000 - 0x00007ffaa3b7b000 	C:\WINDOWS\System32\MSCTF.dll
0x00007ffa9e230000 - 0x00007ffa9e25e000 	C:\WINDOWS\system32\dwmapi.dll
0x00007ffaa0d60000 - 0x00007ffaa0f3b000 	C:\WINDOWS\System32\CRYPT32.dll
0x00007ffa9fd30000 - 0x00007ffa9fd42000 	C:\WINDOWS\System32\MSASN1.dll
0x00007ffaa0fa0000 - 0x00007ffaa10f5000 	C:\WINDOWS\System32\ole32.dll
0x00007ffa89720000 - 0x00007ffa89847000 	C:\WINDOWS\system32\opengl32.dll
0x00007ffa894a0000 - 0x00007ffa894cc000 	C:\WINDOWS\SYSTEM32\GLU32.dll
0x00007ffa8b5a0000 - 0x00007ffa8b5e9000 	C:\Program Files\Java\jdk1.8.0_221\jre\bin\fontmanager.dll
0x00007ffa92050000 - 0x00007ffa92062000 	C:\Program Files\Java\jdk1.8.0_221\jre\bin\nio.dll
0x00007ffa8b550000 - 0x00007ffa8b592000 	C:\Program Files\Java\jdk1.8.0_221\jre\bin\t2k.dll
0x00007ffa92e70000 - 0x00007ffa92e9a000 	C:\Program Files\Java\jdk1.8.0_221\jre\bin\dcpr.dll
0x00007ffa98500000 - 0x00007ffa9850d000 	C:\Program Files\Java\jdk1.8.0_221\jre\bin\management.dll
0x00007ffa860d0000 - 0x00007ffa860e6000 	C:\WINDOWS\system32\napinsp.dll
0x00007ffa804a0000 - 0x00007ffa804ba000 	C:\WINDOWS\system32\pnrpnsp.dll
0x00007ffa9f2e0000 - 0x00007ffa9f3a6000 	C:\WINDOWS\SYSTEM32\DNSAPI.dll
0x00007ffaa30b0000 - 0x00007ffaa30b8000 	C:\WINDOWS\System32\NSI.dll
0x00007ffa9f2a0000 - 0x00007ffa9f2dd000 	C:\WINDOWS\SYSTEM32\IPHLPAPI.DLL
0x00007ffa860c0000 - 0x00007ffa860ce000 	C:\WINDOWS\System32\winrnr.dll
0x00007ffa95d80000 - 0x00007ffa95d9b000 	C:\WINDOWS\system32\NLAapi.dll
0x00007ffa97250000 - 0x00007ffa97265000 	C:\WINDOWS\system32\wshbth.dll
0x00007ffa91c80000 - 0x00007ffa91c8a000 	C:\Windows\System32\rasadhlp.dll
0x00007ffa91ba0000 - 0x00007ffa91c19000 	C:\WINDOWS\System32\fwpuclnt.dll
0x00007ffaa0a10000 - 0x00007ffaa0a36000 	C:\WINDOWS\System32\bcrypt.dll
0x00007ffa957d0000 - 0x00007ffa9587d000 	C:\WINDOWS\SYSTEM32\mscms.dll
0x00007ffa9fc40000 - 0x00007ffa9fc68000 	C:\WINDOWS\SYSTEM32\USERENV.dll
0x00007ffa985a0000 - 0x00007ffa985b0000 	C:\WINDOWS\SYSTEM32\ColorAdapterClient.dll
0x00007ffa8b3c0000 - 0x00007ffa8b403000 	C:\WINDOWS\SYSTEM32\icm32.dll
0x00007ffa9f100000 - 0x00007ffa9f133000 	C:\WINDOWS\system32\rsaenh.dll
0x00007ffa93f90000 - 0x00007ffa93fa6000 	C:\WINDOWS\SYSTEM32\dhcpcsvc6.DLL
0x00007ffa94120000 - 0x00007ffa9413c000 	C:\WINDOWS\SYSTEM32\dhcpcsvc.DLL
0x00007ffa89270000 - 0x00007ffa89305000 	C:\WINDOWS\System32\TextInputFramework.dll
0x00007ffa9a910000 - 0x00007ffa9a9f2000 	C:\WINDOWS\System32\CoreMessaging.dll
0x00007ffa90b90000 - 0x00007ffa90eb2000 	C:\WINDOWS\System32\CoreUIComponents.dll
0x00007ffa9ed80000 - 0x00007ffa9edb1000 	C:\WINDOWS\SYSTEM32\ntmarta.dll
0x00007ffa98d30000 - 0x00007ffa98e83000 	C:\WINDOWS\SYSTEM32\wintypes.dll
0x00007ffa93230000 - 0x00007ffa9329c000 	C:\WINDOWS\system32\Oleacc.dll
0x00007ffa972b0000 - 0x00007ffa972b7000 	C:\Program Files\Java\jdk1.8.0_221\jre\bin\jawt.dll
0x00007ffa37890000 - 0x00007ffa3b83d000 	C:\Users\Tim\AppData\Local\Temp\org.bitbucket.johness.javacef.49.87.win64.1\libcef.dll
0x00007ffaa3470000 - 0x00007ffaa3597000 	C:\WINDOWS\System32\COMDLG32.dll
0x00007ffa8bc70000 - 0x00007ffa8bcf9000 	C:\WINDOWS\SYSTEM32\WINSPOOL.DRV
0x00007ffa95ef0000 - 0x00007ffa95f09000 	C:\WINDOWS\SYSTEM32\USP10.dll
0x00007ffa91e00000 - 0x00007ffa91ef2000 	C:\WINDOWS\SYSTEM32\WINHTTP.dll
0x00007ffa9e8a0000 - 0x00007ffa9e8b3000 	C:\WINDOWS\SYSTEM32\WTSAPI32.dll
0x00007ffa81aa0000 - 0x00007ffa81aac000 	C:\WINDOWS\SYSTEM32\Secur32.dll
0x00007ffa993c0000 - 0x00007ffa99568000 	C:\WINDOWS\SYSTEM32\PROPSYS.dll
0x00007ffa9fc10000 - 0x00007ffa9fc3f000 	C:\WINDOWS\SYSTEM32\SSPICLI.DLL
0x00007ffa732d0000 - 0x00007ffa73491000 	C:\Users\Tim\AppData\Local\Temp\org.bitbucket.johness.javacef.49.87.win64.1\jcef.dll
0x00007ffa81ae0000 - 0x00007ffa81ddc000 	C:\WINDOWS\SYSTEM32\dwrite.dll
0x00007ffa988b0000 - 0x00007ffa989f8000 	C:\WINDOWS\system32\audioses.dll
0x00007ffa98760000 - 0x00007ffa987d0000 	C:\WINDOWS\system32\MMDevAPI.DLL
0x00007ffa98750000 - 0x00007ffa9875a000 	C:\WINDOWS\system32\AVRT.dll
0x00007ffa9fb20000 - 0x00007ffa9fb49000 	C:\WINDOWS\system32\DEVOBJ.dll
0x00007ffaa30c0000 - 0x00007ffaa3162000 	C:\WINDOWS\System32\clbcatq.dll
0x00007ffaa14c0000 - 0x00007ffaa1936000 	C:\WINDOWS\System32\SETUPAPI.dll
0x00007ffaa08e0000 - 0x00007ffaa0939000 	C:\WINDOWS\System32\WINTRUST.dll
0x00000000637c0000 - 0x00000000637cd000 	C:\Users\Tim\AppData\Local\Temp\jogamp_0000\file_cache\jln4158046416788941994\jln4136362195725665204\gluegen-rt.dll
0x000000006a440000 - 0x000000006a44d000 	C:\Users\Tim\AppData\Local\Temp\jogamp_0000\file_cache\jln4158046416788941994\jln4136362195725665204\nativewindow_awt.dll
0x000000006c100000 - 0x000000006c10f000 	C:\Users\Tim\AppData\Local\Temp\jogamp_0000\file_cache\jln4158046416788941994\jln4136362195725665204\nativewindow_win32.dll
0x0000000064500000 - 0x00000000645a2000 	C:\Users\Tim\AppData\Local\Temp\jogamp_0000\file_cache\jln4158046416788941994\jln4136362195725665204\jogl_desktop.dll
0x00007ffa730b0000 - 0x00007ffa732c4000 	C:\Users\Tim\AppData\Local\Temp\org.bitbucket.johness.javacef.49.87.win64.1\libGLESv2.dll
0x00007ffa961d0000 - 0x00007ffa9636e000 	C:\WINDOWS\SYSTEM32\d3d9.dll
0x00007ffa920a0000 - 0x00007ffa920bb000 	C:\Users\Tim\AppData\Local\Temp\org.bitbucket.johness.javacef.49.87.win64.1\libEGL.dll
0x0000000064340000 - 0x000000006438e000 	C:\Users\Tim\AppData\Local\Temp\jogamp_0000\file_cache\jln4158046416788941994\jln4136362195725665204\jogl_mobile.dll
0x00007ffa721f0000 - 0x00007ffa730af000 	C:\WINDOWS\System32\DriverStore\FileRepository\k127369.inf_amd64_b8b3c10a6624488c\ig9icd64.dll
0x00007ffa9eb10000 - 0x00007ffa9ebd2000 	C:\WINDOWS\SYSTEM32\dxgi.dll
0x00007ffa8c300000 - 0x00007ffa8e095000 	C:\WINDOWS\System32\DriverStore\FileRepository\k127369.inf_amd64_b8b3c10a6624488c\igc64.dll
0x00007ffa9e6a0000 - 0x00007ffa9e88d000 	C:\WINDOWS\SYSTEM32\dbghelp.dll

VM Arguments:
jvm_args: -javaagent:C:\Program Files\JetBrains\IntelliJ IDEA 2018.2\lib\idea_rt.jar=51416:C:\Program Files\JetBrains\IntelliJ IDEA 2018.2\bin -Dfile.encoding=UTF-8 
java_command: com.tim.usong.USongApplication
java_class_path (initial): C:\Program Files\Java\jdk1.8.0_221\jre\lib\charsets.jar;C:\Program Files\Java\jdk1.8.0_221\jre\lib\deploy.jar;C:\Program Files\Java\jdk1.8.0_221\jre\lib\ext\access-bridge-64.jar;C:\Program Files\Java\jdk1.8.0_221\jre\lib\ext\cldrdata.jar;C:\Program Files\Java\jdk1.8.0_221\jre\lib\ext\dnsns.jar;C:\Program Files\Java\jdk1.8.0_221\jre\lib\ext\jaccess.jar;C:\Program Files\Java\jdk1.8.0_221\jre\lib\ext\jfxrt.jar;C:\Program Files\Java\jdk1.8.0_221\jre\lib\ext\localedata.jar;C:\Program Files\Java\jdk1.8.0_221\jre\lib\ext\nashorn.jar;C:\Program Files\Java\jdk1.8.0_221\jre\lib\ext\sunec.jar;C:\Program Files\Java\jdk1.8.0_221\jre\lib\ext\sunjce_provider.jar;C:\Program Files\Java\jdk1.8.0_221\jre\lib\ext\sunmscapi.jar;C:\Program Files\Java\jdk1.8.0_221\jre\lib\ext\sunpkcs11.jar;C:\Program Files\Java\jdk1.8.0_221\jre\lib\ext\zipfs.jar;C:\Program Files\Java\jdk1.8.0_221\jre\lib\javaws.jar;C:\Program Files\Java\jdk1.8.0_221\jre\lib\jce.jar;C:\Program Files\Java\jdk1.8.0_221\jre\lib\jfr.jar;C:\Program Files\Java\jdk1.8.0_221\jre\lib\jfxswt.jar;C:\Program Files\Java\jdk1.8.0_221\jre\lib\jsse.jar;C:\Program Files\Java\jdk1.8.0_221\jre\lib\management-agent.jar;C:\Program Files\Java\jdk1.8.0_221\jre\lib\plugin.jar;C:\Program Files\Java\jdk1.8.0_221\jre\lib\resources.jar;C:\Program Files\Java\jdk1.8.0_221\jre\lib\rt.jar;C:\Users\Tim\IdeaProjects\u-song-Stage-Monitor-for-Songbeamer\target\classes;C:\Users\Tim\.m2\repository\io\dropwizard\dropwizard-core\1.3.12\dropwizard-core-1.3.12.jar;C:\Users\Tim\.m2\repository\io\dropwizard\dropwizard-util\1.3.12\dropwizard-util-1.3.12.jar;C:\Users\Tim\.m2\repository\com\fasterxml\jackson\core\jackson-annotations\2.9.0\jackson-annotations-2.9.0.jar;C:\Users\Tim\.m2\repository\com\google\guava\guava\24.1.1-jre\guava-24.1.1-jre.jar;C:\Users\Tim\.m2\repository\org\checkerframework\checker-compat-qual\2.0.0\checker-compat-qual-2.0.0.jar;C:\Users\Tim\.m2\repository\com\google\errorprone\error_prone_annotations\2.1.3\error_pro
Launcher Type: SUN_STANDARD

Environment Variables:
JAVA_HOME=C:\Program Files\Java\jdk1.8.0_181
PATH=C:\Program Files (x86)\Common Files\Oracle\Java\javapath;C:\Program Files (x86)\Intel\Intel(R) Management Engine Components\iCLS\;C:\Program Files\Intel\Intel(R) Management Engine Components\iCLS\;C:\Windows\system32;C:\Windows;C:\Windows\System32\Wbem;C:\Windows\System32\WindowsPowerShell\v1.0\;C:\Program Files (x86)\NVIDIA Corporation\PhysX\Common;C:\WINDOWS\system32;C:\WINDOWS;C:\WINDOWS\System32\Wbem;C:\WINDOWS\System32\WindowsPowerShell\v1.0\;C:\WINDOWS\System32\OpenSSH\;C:\Program Files (x86)\Intel\Intel(R) Management Engine Components\DAL;C:\Program Files\Intel\Intel(R) Management Engine Components\DAL;C:\Program Files (x86)\Intel\Intel(R) Management Engine Components\IPT;C:\Program Files\Intel\Intel(R) Management Engine Components\IPT;C:\Program Files\Git\cmd;C:\Program Files (x86)\apache-maven-3.5.4\bin;C:\Program Files\NVIDIA Corporation\NVIDIA NvDLISR;C:\WINDOWS\system32;C:\WINDOWS;C:\WINDOWS\System32\Wbem;C:\WINDOWS\System32\WindowsPowerShell\v1.0\;C:\WINDOWS\System32\OpenSSH\;C:\Users\Tim\AppData\Local\Programs\Python\Python37;C:\Users\Tim\AppData\Local\Programs\Python\Python37\Scripts;C:\Program Files\Java\jre1.8.0_211\bin;C:\Users\Tim\AppData\Local\Microsoft\WindowsApps;C:\Program Files\CMake\bin;C:\Program Files\JetBrains\PyCharm Community Edition 2019.1.1\bin;;
USERNAME=Tim
OS=Windows_NT
PROCESSOR_IDENTIFIER=Intel64 Family 6 Model 158 Stepping 9, GenuineIntel



---------------  S Y S T E M  ---------------

OS: Windows 10.0 , 64 bit Build 17763 (10.0.17763.475)

CPU:total 8 (initial active 8) (4 cores per cpu, 2 threads per core) family 6 model 158 stepping 9, cmov, cx8, fxsr, mmx, sse, sse2, sse3, ssse3, sse4.1, sse4.2, popcnt, avx, avx2, aes, clmul, erms, 3dnowpref, lzcnt, ht, tsc, tscinvbit, bmi1, bmi2, adx

Memory: 4k page, physical 33402820k(22841364k free), swap 38383556k(24141832k free)

vm_info: Java HotSpot(TM) 64-Bit Server VM (25.221-b11) for windows-amd64 JRE (1.8.0_221-b11), built on Jul  4 2019 04:39:29 by "java_re" with MS VC++ 10.0 (VS2010)

time: Wed Aug 21 18:20:42 2019
timezone: Mitteleuropäische Sommerzeit
elapsed time: 16 seconds (0d 0h 0m 16s)

